[debug] > Exec(early(addDefaultCommands), None, None)
[debug] > Exec(addDefaultCommands, None, None)
[debug] > Exec(early(initialize), None, None)
[debug] > Exec(initialize, None, None)
[debug] > Exec(early(addPluginSbtFile="""C:\Users\Fabio\AppData\Local\Temp\idea5.sbt"""), None, None)
[debug] > Exec(addPluginSbtFile="""C:\Users\Fabio\AppData\Local\Temp\idea5.sbt""", None, None)
[debug] > Exec(boot, None, None)
[debug] > Exec(writeSbtVersion, None, None)
[debug] > Exec(reload, None, None)
[debug] > Exec(sbtStashOnFailure, None, None)
[debug] > Exec(onFailure loadFailed, None, None)
[debug] > Exec(loadp, None, None)
[info] welcome to sbt 1.4.3 (Oracle Corporation Java 16.0.2)
[debug]       Load.loadUnit: plugins took 102.3041ms
[debug]       Load.loadUnit: defsScala took 0.3208ms
[debug] [Loading] Scanning directory C:\Users\Fabio\.sbt\1.0\plugins
[debug] [Loading] Found non-root projects 
[debug] [Loading] Done in C:\Users\Fabio\.sbt\1.0\plugins, returning: ()
[debug] deducing auto plugins based on known facts Set(Atom(sbt.plugins.CorePlugin)) and clauses Clauses(List(Clause(Atom(sbt.plugins.JvmPlugin),Set(Atom(sbt.plugins.IvyPlugin))), Clause(Atom(sbt.ScriptedPlugin),Set(Atom(sbt.plugins.JvmPlugin))), Clause(Atom(sbt.plugins.SbtPlugin),Set(Atom(sbt.ScriptedPlugin))), Clause(Atom(sbt.plugins.SemanticdbPlugin),Set(Atom(sbt.plugins.JvmPlugin))), Clause(Atom(sbt.plugins.JUnitXmlReportPlugin),Set(Atom(sbt.plugins.JvmPlugin))), Clause(Atom(sbt.plugins.MiniDependencyTreePlugin),Set(Atom(sbt.plugins.JvmPlugin))), Clause(Atom(sbt.plugins.CorePlugin),Set(Atom(sbt.plugins.IvyPlugin))), Clause(Atom(sbt.plugins.IvyPlugin),Set(Atom(sbt.plugins.JvmPlugin))), Clause(Atom(sbt.plugins.JvmPlugin),Set(Atom(sbt.plugins.SemanticdbPlugin))), Clause(Atom(sbt.plugins.JvmPlugin),Set(Atom(sbt.plugins.JUnitXmlReportPlugin))), Clause(Atom(sbt.plugins.CorePlugin),Set(Atom(sbt.plugins.Giter8TemplatePlugin))), Clause(Atom(sbt.plugins.JvmPlugin),Set(Atom(sbt.plugins.MiniDependencyTreePlugin)))))
[debug]   :: deduced result: Matched(sbt.plugins.CorePlugin,sbt.plugins.Giter8TemplatePlugin,sbt.plugins.IvyPlugin,sbt.plugins.JvmPlugin,sbt.plugins.MiniDependencyTreePlugin,sbt.plugins.JUnitXmlReportPlugin,sbt.plugins.SemanticdbPlugin)
[debug] Plugins.deducer#function took 25.7982 ms
[debug]           Load.resolveProject(global-plugins) took 63.2582ms
[debug]         Load.loadTransitive: finalizeProject(Project(id global-plugins, base: C:\Users\Fabio\.sbt\1.0\plugins, plugins: List(<none>))) took 116.2437ms
[debug] [Loading] Done in C:\Users\Fabio\.sbt\1.0\plugins, returning: (global-plugins)
[debug]       Load.loadUnit: loadedProjectsRaw took 151.3113ms
[debug]       Load.loadUnit: cleanEvalClasses took 0.3258ms
[debug]     Load.loadUnit(file:/C:/Users/Fabio/.sbt/1.0/plugins/, ...) took 266.214ms
[debug]   Load.apply: load took 458.4868ms
[debug]   Load.apply: resolveProjects took 6.8467ms
[debug]   Load.apply: finalTransforms took 88.0355ms
[debug]   Load.apply: config.delegates took 14.2395ms
[debug]   Load.apply: Def.make(settings)... took 1490.818ms
[debug]   Load.apply: structureIndex took 322.6667ms
[debug]   Load.apply: mkStreams took 2.1868ms
[info] loading global plugins from C:\Users\Fabio\.sbt\1.0\plugins
[debug] Running task... Cancel: Signal, check cycles: false, forcegc: true
[debug] Load.defaultLoad until apply took 5712.3867ms
[debug]           Load.loadUnit: plugins took 55.1748ms
[debug]           Load.loadUnit: defsScala took 0.0052ms
[debug] [Loading] Scanning directory C:\Users\Fabio\Desktop\pcd_workspace\pcd-assignment-03\project
[debug]             Load.loadUnit: mkEval took 10.4198ms
[debug] [Loading] Found non-root projects 
[debug] [Loading] Done in C:\Users\Fabio\Desktop\pcd_workspace\pcd-assignment-03\project, returning: ()
[debug] deducing auto plugins based on known facts Set(Atom(sbt.plugins.CorePlugin)) and clauses Clauses(List(Clause(Atom(sbt.plugins.JvmPlugin),Set(Atom(sbt.plugins.IvyPlugin))), Clause(Atom(sbt.ScriptedPlugin),Set(Atom(sbt.plugins.JvmPlugin))), Clause(Atom(sbt.plugins.SbtPlugin),Set(Atom(sbt.ScriptedPlugin))), Clause(Atom(sbt.plugins.SemanticdbPlugin),Set(Atom(sbt.plugins.JvmPlugin))), Clause(Atom(sbt.plugins.JUnitXmlReportPlugin),Set(Atom(sbt.plugins.JvmPlugin))), Clause(Atom(sbt.plugins.MiniDependencyTreePlugin),Set(Atom(sbt.plugins.JvmPlugin))), Clause(Atom(sbt.plugins.CorePlugin),Set(Atom(sbt.plugins.IvyPlugin))), Clause(Atom(sbt.plugins.IvyPlugin),Set(Atom(sbt.plugins.JvmPlugin))), Clause(Atom(sbt.plugins.JvmPlugin),Set(Atom(sbt.plugins.SemanticdbPlugin))), Clause(Atom(sbt.plugins.JvmPlugin),Set(Atom(sbt.plugins.JUnitXmlReportPlugin))), Clause(Atom(sbt.plugins.CorePlugin),Set(Atom(sbt.plugins.Giter8TemplatePlugin))), Clause(Atom(sbt.plugins.JvmPlugin),Set(Atom(sbt.plugins.MiniDependencyTreePlugin)))))
[debug]   :: deduced result: Matched(sbt.plugins.CorePlugin,sbt.plugins.Giter8TemplatePlugin,sbt.plugins.IvyPlugin,sbt.plugins.JvmPlugin,sbt.plugins.MiniDependencyTreePlugin,sbt.plugins.JUnitXmlReportPlugin,sbt.plugins.SemanticdbPlugin)
[debug] Plugins.deducer#function took 2.2033 ms
[info] loading settings for project pcd-assignment-03-build from idea5.sbt ...
[debug]               Load.resolveProject(pcd-assignment-03-build) took 4.3034ms
[debug]             Load.loadTransitive: finalizeProject(Project(id pcd-assignment-03-build, base: C:\Users\Fabio\Desktop\pcd_workspace\pcd-assignment-03\project, plugins: List(<none>))) took 7.2945ms
[debug] [Loading] Done in C:\Users\Fabio\Desktop\pcd_workspace\pcd-assignment-03\project, returning: (pcd-assignment-03-build)
[debug]           Load.loadUnit: loadedProjectsRaw took 215.8853ms
[debug]           Load.loadUnit: cleanEvalClasses took 9.2477ms
[debug]         Load.loadUnit(file:/C:/Users/Fabio/Desktop/pcd_workspace/pcd-assignment-03/project/, ...) took 281.5551ms
[debug]       Load.apply: load took 284.3661ms
[debug]       Load.apply: resolveProjects took 0.1514ms
[debug]       Load.apply: finalTransforms took 20.921ms
[debug]       Load.apply: config.delegates took 0.517ms
[debug]       Load.apply: Def.make(settings)... took 180.8085ms
[debug]       Load.apply: structureIndex took 58.0723ms
[debug]       Load.apply: mkStreams took 0.0026ms
[info] loading project definition from C:\Users\Fabio\Desktop\pcd_workspace\pcd-assignment-03\project
[debug] Running task... Cancel: Signal, check cycles: false, forcegc: true
[debug]     Load.loadUnit: plugins took 1228.2967ms
[debug]     Load.loadUnit: defsScala took 0.0027ms
[debug] [Loading] Scanning directory C:\Users\Fabio\Desktop\pcd_workspace\pcd-assignment-03
[debug]       Load.loadUnit: mkEval took 0.27ms
[debug] [Loading] Found non-root projects 
[debug] [Loading] Done in C:\Users\Fabio\Desktop\pcd_workspace\pcd-assignment-03, returning: ()
[debug] deducing auto plugins based on known facts Set(Atom(sbt.plugins.CorePlugin)) and clauses Clauses(List(Clause(Atom(sbt.plugins.JvmPlugin),Set(Atom(sbt.plugins.IvyPlugin))), Clause(Atom(sbt.ScriptedPlugin),Set(Atom(sbt.plugins.JvmPlugin))), Clause(Atom(sbt.plugins.SbtPlugin),Set(Atom(sbt.ScriptedPlugin))), Clause(Atom(sbt.plugins.SemanticdbPlugin),Set(Atom(sbt.plugins.JvmPlugin))), Clause(Atom(sbt.plugins.JUnitXmlReportPlugin),Set(Atom(sbt.plugins.JvmPlugin))), Clause(Atom(sbt.plugins.MiniDependencyTreePlugin),Set(Atom(sbt.plugins.JvmPlugin))), Clause(Atom(org.jetbrains.sbt.StructurePlugin),Set(Atom(sbt.plugins.JvmPlugin))), Clause(Atom(org.jetbrains.sbt.IdeaShellPlugin),Set(Atom(sbt.plugins.JvmPlugin))), Clause(Atom(org.jetbrains.sbt.indices.SbtIntellijIndicesPlugin),Set(Atom(sbt.plugins.JvmPlugin))), Clause(Atom(sbt.plugins.CorePlugin),Set(Atom(sbt.plugins.IvyPlugin))), Clause(Atom(sbt.plugins.IvyPlugin),Set(Atom(sbt.plugins.JvmPlugin))), Clause(Atom(sbt.plugins.JvmPlugin),Set(Atom(sbt.plugins.SemanticdbPlugin))), Clause(Atom(sbt.plugins.JvmPlugin),Set(Atom(sbt.plugins.JUnitXmlReportPlugin))), Clause(Atom(sbt.plugins.CorePlugin),Set(Atom(sbt.plugins.Giter8TemplatePlugin))), Clause(Atom(sbt.plugins.JvmPlugin),Set(Atom(sbt.plugins.MiniDependencyTreePlugin))), Clause(Atom(sbt.plugins.JvmPlugin),Set(Atom(org.jetbrains.sbt.StructurePlugin))), Clause(Atom(sbt.plugins.JvmPlugin),Set(Atom(org.jetbrains.sbt.IdeaShellPlugin))), Clause(And(Set(Atom(sbt.plugins.CorePlugin), Atom(sbt.plugins.JvmPlugin))),Set(Atom(org.jetbrains.sbt.indices.SbtIntellijIndicesPlugin)))))
[debug]   :: deduced result: Matched(sbt.plugins.CorePlugin,sbt.plugins.Giter8TemplatePlugin,sbt.plugins.IvyPlugin,sbt.plugins.JvmPlugin,sbt.plugins.SemanticdbPlugin,org.jetbrains.sbt.indices.SbtIntellijIndicesPlugin,sbt.plugins.JUnitXmlReportPlugin,org.jetbrains.sbt.IdeaShellPlugin,org.jetbrains.sbt.StructurePlugin,sbt.plugins.MiniDependencyTreePlugin)
[debug] Plugins.deducer#function took 3.0531 ms
[info] loading settings for project pcd-assignment-03 from build.sbt ...
[debug]         Load.resolveProject(pcd-assignment-03) took 33.1001ms
[debug]       Load.loadTransitive: finalizeProject(Project(id pcd-assignment-03, base: C:\Users\Fabio\Desktop\pcd_workspace\pcd-assignment-03, plugins: List(<none>))) took 37.5834ms
[debug] [Loading] Done in C:\Users\Fabio\Desktop\pcd_workspace\pcd-assignment-03, returning: (pcd-assignment-03)
[debug]     Load.loadUnit: loadedProjectsRaw took 4396.0446ms
[debug]     Load.loadUnit: cleanEvalClasses took 16.5489ms
[debug]   Load.loadUnit(file:/C:/Users/Fabio/Desktop/pcd_workspace/pcd-assignment-03/, ...) took 5641.7659ms
[debug] Load.apply: load took 5644.003ms
[debug] Load.apply: resolveProjects took 0.2117ms
[debug] Load.apply: finalTransforms took 35.332ms
[debug] Load.apply: config.delegates took 1.0468ms
[debug] Load.apply: Def.make(settings)... took 200.432ms
[debug] Load.apply: structureIndex took 53.415ms
[debug] Load.apply: mkStreams took 0.0026ms
[info] set current project to pcd-assignment-03 (in build file:/C:/Users/Fabio/Desktop/pcd_workspace/pcd-assignment-03/)
[debug] > Exec(sbtPopOnFailure, None, None)
[debug] > Exec(resumeFromFailure, None, None)
[debug] > Exec(notifyUsersAboutShell, None, None)
[debug] > Exec(iflast shell, None, None)
[debug] > Exec(; set ideaPort in Global := 49907 ; idea-shell, None, None)
[debug] > Exec(set ideaPort in Global := 49907, None, None)
[info] Defining Global / ideaPort
[info] The new value will be used by Compile / compile, Test / compile
[debug] Defining 
[debug] 	Global / ideaPort
[debug] 
[debug] The new value will be used by 
[debug] 	Compile / compile
[debug] 	Test / compile
[info] Reapplying settings...
[info] set current project to pcd-assignment-03 (in build file:/C:/Users/Fabio/Desktop/pcd_workspace/pcd-assignment-03/)
[debug] > Exec(idea-shell, None, None)
