[debug] > Exec(early(addDefaultCommands), None, None)
[debug] > Exec(addDefaultCommands, None, None)
[debug] > Exec(early(initialize), None, None)
[debug] > Exec(initialize, None, None)
[debug] > Exec(early(addPluginSbtFile="""C:\Users\Fabio\AppData\Local\Temp\idea9.sbt"""), None, None)
[debug] > Exec(addPluginSbtFile="""C:\Users\Fabio\AppData\Local\Temp\idea9.sbt""", None, None)
[debug] > Exec(boot, None, None)
[debug] > Exec(writeSbtVersion, None, None)
[debug] > Exec(reload, None, None)
[debug] > Exec(sbtStashOnFailure, None, None)
[debug] > Exec(onFailure loadFailed, None, None)
[debug] > Exec(loadp, None, None)
[info] welcome to sbt 1.4.3 (Oracle Corporation Java 16.0.2)
[debug]       Load.loadUnit: plugins took 140.4984ms
[debug]       Load.loadUnit: defsScala took 0.4599ms
[debug] [Loading] Scanning directory C:\Users\Fabio\.sbt\1.0\plugins
[debug] [Loading] Found non-root projects 
[debug] [Loading] Done in C:\Users\Fabio\.sbt\1.0\plugins, returning: ()
[debug] deducing auto plugins based on known facts Set(Atom(sbt.plugins.CorePlugin)) and clauses Clauses(List(Clause(Atom(sbt.plugins.JvmPlugin),Set(Atom(sbt.plugins.IvyPlugin))), Clause(Atom(sbt.ScriptedPlugin),Set(Atom(sbt.plugins.JvmPlugin))), Clause(Atom(sbt.plugins.SbtPlugin),Set(Atom(sbt.ScriptedPlugin))), Clause(Atom(sbt.plugins.SemanticdbPlugin),Set(Atom(sbt.plugins.JvmPlugin))), Clause(Atom(sbt.plugins.JUnitXmlReportPlugin),Set(Atom(sbt.plugins.JvmPlugin))), Clause(Atom(sbt.plugins.MiniDependencyTreePlugin),Set(Atom(sbt.plugins.JvmPlugin))), Clause(Atom(sbt.plugins.CorePlugin),Set(Atom(sbt.plugins.IvyPlugin))), Clause(Atom(sbt.plugins.IvyPlugin),Set(Atom(sbt.plugins.JvmPlugin))), Clause(Atom(sbt.plugins.JvmPlugin),Set(Atom(sbt.plugins.SemanticdbPlugin))), Clause(Atom(sbt.plugins.JvmPlugin),Set(Atom(sbt.plugins.JUnitXmlReportPlugin))), Clause(Atom(sbt.plugins.CorePlugin),Set(Atom(sbt.plugins.Giter8TemplatePlugin))), Clause(Atom(sbt.plugins.JvmPlugin),Set(Atom(sbt.plugins.MiniDependencyTreePlugin)))))
[debug]   :: deduced result: Matched(sbt.plugins.CorePlugin,sbt.plugins.Giter8TemplatePlugin,sbt.plugins.IvyPlugin,sbt.plugins.JvmPlugin,sbt.plugins.MiniDependencyTreePlugin,sbt.plugins.JUnitXmlReportPlugin,sbt.plugins.SemanticdbPlugin)
[debug] Plugins.deducer#function took 34.7601 ms
[debug]           Load.resolveProject(global-plugins) took 79.8898ms
[debug]         Load.loadTransitive: finalizeProject(Project(id global-plugins, base: C:\Users\Fabio\.sbt\1.0\plugins, plugins: List(<none>))) took 154.0738ms
[debug] [Loading] Done in C:\Users\Fabio\.sbt\1.0\plugins, returning: (global-plugins)
[debug]       Load.loadUnit: loadedProjectsRaw took 201.0751ms
[debug]       Load.loadUnit: cleanEvalClasses took 0.9082ms
[debug]     Load.loadUnit(file:/C:/Users/Fabio/.sbt/1.0/plugins/, ...) took 360.0027ms
[debug]   Load.apply: load took 644.1055ms
[debug]   Load.apply: resolveProjects took 15.3357ms
[debug]   Load.apply: finalTransforms took 121.8339ms
[debug]   Load.apply: config.delegates took 14.3924ms
[debug]   Load.apply: Def.make(settings)... took 2599.5712ms
[debug]   Load.apply: structureIndex took 337.0735ms
[debug]   Load.apply: mkStreams took 61.1719ms
[info] loading global plugins from C:\Users\Fabio\.sbt\1.0\plugins
[debug] Running task... Cancel: Signal, check cycles: false, forcegc: true
[debug] Load.defaultLoad until apply took 6590.0104ms
[debug]           Load.loadUnit: plugins took 36.3801ms
[debug]           Load.loadUnit: defsScala took 0.004ms
[debug] [Loading] Scanning directory C:\Users\Fabio\Desktop\pcd_workspace\pcd-assignment-03\project
[debug]             Load.loadUnit: mkEval took 7.5834ms
[debug] [Loading] Found non-root projects 
[debug] [Loading] Done in C:\Users\Fabio\Desktop\pcd_workspace\pcd-assignment-03\project, returning: ()
[debug] deducing auto plugins based on known facts Set(Atom(sbt.plugins.CorePlugin)) and clauses Clauses(List(Clause(Atom(sbt.plugins.JvmPlugin),Set(Atom(sbt.plugins.IvyPlugin))), Clause(Atom(sbt.ScriptedPlugin),Set(Atom(sbt.plugins.JvmPlugin))), Clause(Atom(sbt.plugins.SbtPlugin),Set(Atom(sbt.ScriptedPlugin))), Clause(Atom(sbt.plugins.SemanticdbPlugin),Set(Atom(sbt.plugins.JvmPlugin))), Clause(Atom(sbt.plugins.JUnitXmlReportPlugin),Set(Atom(sbt.plugins.JvmPlugin))), Clause(Atom(sbt.plugins.MiniDependencyTreePlugin),Set(Atom(sbt.plugins.JvmPlugin))), Clause(Atom(sbt.plugins.CorePlugin),Set(Atom(sbt.plugins.IvyPlugin))), Clause(Atom(sbt.plugins.IvyPlugin),Set(Atom(sbt.plugins.JvmPlugin))), Clause(Atom(sbt.plugins.JvmPlugin),Set(Atom(sbt.plugins.SemanticdbPlugin))), Clause(Atom(sbt.plugins.JvmPlugin),Set(Atom(sbt.plugins.JUnitXmlReportPlugin))), Clause(Atom(sbt.plugins.CorePlugin),Set(Atom(sbt.plugins.Giter8TemplatePlugin))), Clause(Atom(sbt.plugins.JvmPlugin),Set(Atom(sbt.plugins.MiniDependencyTreePlugin)))))
[debug]   :: deduced result: Matched(sbt.plugins.CorePlugin,sbt.plugins.Giter8TemplatePlugin,sbt.plugins.IvyPlugin,sbt.plugins.JvmPlugin,sbt.plugins.MiniDependencyTreePlugin,sbt.plugins.JUnitXmlReportPlugin,sbt.plugins.SemanticdbPlugin)
[debug] Plugins.deducer#function took 2.4857 ms
[info] loading settings for project pcd-assignment-03-build from idea9.sbt ...
[debug]               Load.resolveProject(pcd-assignment-03-build) took 4.033ms
[debug]             Load.loadTransitive: finalizeProject(Project(id pcd-assignment-03-build, base: C:\Users\Fabio\Desktop\pcd_workspace\pcd-assignment-03\project, plugins: List(<none>))) took 7.159ms
[debug] [Loading] Done in C:\Users\Fabio\Desktop\pcd_workspace\pcd-assignment-03\project, returning: (pcd-assignment-03-build)
[debug]           Load.loadUnit: loadedProjectsRaw took 195.2417ms
[debug]           Load.loadUnit: cleanEvalClasses took 8.149ms
[debug]         Load.loadUnit(file:/C:/Users/Fabio/Desktop/pcd_workspace/pcd-assignment-03/project/, ...) took 240.9582ms
[debug]       Load.apply: load took 243.3802ms
[debug]       Load.apply: resolveProjects took 0.1339ms
[debug]       Load.apply: finalTransforms took 15.9818ms
[debug]       Load.apply: config.delegates took 0.5385ms
[debug]       Load.apply: Def.make(settings)... took 133.7556ms
[debug]       Load.apply: structureIndex took 39.4168ms
[debug]       Load.apply: mkStreams took 0.0025ms
[info] loading project definition from C:\Users\Fabio\Desktop\pcd_workspace\pcd-assignment-03\project
[debug] Running task... Cancel: Signal, check cycles: false, forcegc: true
[debug]     Load.loadUnit: plugins took 840.6676ms
[debug]     Load.loadUnit: defsScala took 0.0047ms
[debug] [Loading] Scanning directory C:\Users\Fabio\Desktop\pcd_workspace\pcd-assignment-03
[debug]       Load.loadUnit: mkEval took 0.3715ms
[debug] [Loading] Found non-root projects 
[debug] [Loading] Done in C:\Users\Fabio\Desktop\pcd_workspace\pcd-assignment-03, returning: ()
[debug] deducing auto plugins based on known facts Set(Atom(sbt.plugins.CorePlugin)) and clauses Clauses(List(Clause(Atom(sbt.plugins.JvmPlugin),Set(Atom(sbt.plugins.IvyPlugin))), Clause(Atom(sbt.ScriptedPlugin),Set(Atom(sbt.plugins.JvmPlugin))), Clause(Atom(sbt.plugins.SbtPlugin),Set(Atom(sbt.ScriptedPlugin))), Clause(Atom(sbt.plugins.SemanticdbPlugin),Set(Atom(sbt.plugins.JvmPlugin))), Clause(Atom(sbt.plugins.JUnitXmlReportPlugin),Set(Atom(sbt.plugins.JvmPlugin))), Clause(Atom(sbt.plugins.MiniDependencyTreePlugin),Set(Atom(sbt.plugins.JvmPlugin))), Clause(Atom(org.jetbrains.sbt.StructurePlugin),Set(Atom(sbt.plugins.JvmPlugin))), Clause(Atom(org.jetbrains.sbt.IdeaShellPlugin),Set(Atom(sbt.plugins.JvmPlugin))), Clause(Atom(org.jetbrains.sbt.indices.SbtIntellijIndicesPlugin),Set(Atom(sbt.plugins.JvmPlugin))), Clause(Atom(sbt.plugins.CorePlugin),Set(Atom(sbt.plugins.IvyPlugin))), Clause(Atom(sbt.plugins.IvyPlugin),Set(Atom(sbt.plugins.JvmPlugin))), Clause(Atom(sbt.plugins.JvmPlugin),Set(Atom(sbt.plugins.SemanticdbPlugin))), Clause(Atom(sbt.plugins.JvmPlugin),Set(Atom(sbt.plugins.JUnitXmlReportPlugin))), Clause(Atom(sbt.plugins.CorePlugin),Set(Atom(sbt.plugins.Giter8TemplatePlugin))), Clause(Atom(sbt.plugins.JvmPlugin),Set(Atom(sbt.plugins.MiniDependencyTreePlugin))), Clause(Atom(sbt.plugins.JvmPlugin),Set(Atom(org.jetbrains.sbt.StructurePlugin))), Clause(Atom(sbt.plugins.JvmPlugin),Set(Atom(org.jetbrains.sbt.IdeaShellPlugin))), Clause(And(Set(Atom(sbt.plugins.CorePlugin), Atom(sbt.plugins.JvmPlugin))),Set(Atom(org.jetbrains.sbt.indices.SbtIntellijIndicesPlugin)))))
[debug]   :: deduced result: Matched(sbt.plugins.CorePlugin,sbt.plugins.Giter8TemplatePlugin,sbt.plugins.IvyPlugin,sbt.plugins.JvmPlugin,sbt.plugins.SemanticdbPlugin,org.jetbrains.sbt.indices.SbtIntellijIndicesPlugin,sbt.plugins.JUnitXmlReportPlugin,org.jetbrains.sbt.IdeaShellPlugin,org.jetbrains.sbt.StructurePlugin,sbt.plugins.MiniDependencyTreePlugin)
[debug] Plugins.deducer#function took 6.8792 ms
[info] loading settings for project pcd-assignment-03 from build.sbt ...
[debug]         Load.resolveProject(pcd-assignment-03) took 42.0623ms
[debug]       Load.loadTransitive: finalizeProject(Project(id pcd-assignment-03, base: C:\Users\Fabio\Desktop\pcd_workspace\pcd-assignment-03, plugins: List(<none>))) took 51.1803ms
[debug] [Loading] Done in C:\Users\Fabio\Desktop\pcd_workspace\pcd-assignment-03, returning: (pcd-assignment-03)
[debug]     Load.loadUnit: loadedProjectsRaw took 5732.1072ms
[debug]     Load.loadUnit: cleanEvalClasses took 47.3147ms
[debug]   Load.loadUnit(file:/C:/Users/Fabio/Desktop/pcd_workspace/pcd-assignment-03/, ...) took 6622.616ms
[debug] Load.apply: load took 6626.42ms
[debug] Load.apply: resolveProjects took 0.1458ms
[debug] Load.apply: finalTransforms took 58.9852ms
[debug] Load.apply: config.delegates took 1.0235ms
[debug] Load.apply: Def.make(settings)... took 124.4684ms
[debug] Load.apply: structureIndex took 43.0239ms
[debug] Load.apply: mkStreams took 0.0025ms
[info] set current project to pcd-assignment-03 (in build file:/C:/Users/Fabio/Desktop/pcd_workspace/pcd-assignment-03/)
[debug] > Exec(sbtPopOnFailure, None, None)
[debug] > Exec(resumeFromFailure, None, None)
[debug] > Exec(notifyUsersAboutShell, None, None)
[debug] > Exec(iflast shell, None, None)
[debug] > Exec(; set ideaPort in Global := 49907 ; idea-shell, None, None)
[debug] > Exec(set ideaPort in Global := 49907, None, None)
[info] Defining Global / ideaPort
[info] The new value will be used by Compile / compile, Test / compile
[debug] Defining 
[debug] 	Global / ideaPort
[debug] 
[debug] The new value will be used by 
[debug] 	Compile / compile
[debug] 	Test / compile
[info] Reapplying settings...
[info] set current project to pcd-assignment-03 (in build file:/C:/Users/Fabio/Desktop/pcd_workspace/pcd-assignment-03/)
[debug] > Exec(idea-shell, None, None)
